<?xml version="1.0" encoding="UTF-8"?>
<testng-results total="1" passed="1" failed="0" skipped="0">
  <reporter-output>
  </reporter-output>
  <suite started-at="2022-10-20T05:09:05Z" name="Suite" finished-at="2022-10-20T05:09:19Z" duration-ms="13833">
    <groups>
      <group name="Regression">
        <method signature="MainTestCase.yourAccount(java.lang.String, java.lang.String)[pri:0, instance:TestCases.MainTestCase@7aaca91a]" name="yourAccount" class="TestCases.MainTestCase"/>
      </group> <!-- Regression -->
    </groups>
    <test started-at="2022-10-20T05:09:05Z" name="ChromeTest" finished-at="2022-10-20T05:09:19Z" duration-ms="13833">
      <class name="TestCases.MainTestCase">
        <test-method is-config="true" signature="readConfig()[pri:0, instance:TestCases.MainTestCase@7aaca91a]" started-at="2022-10-20T10:39:05Z" name="readConfig" finished-at="2022-10-20T10:39:05Z" duration-ms="147" status="PASS">
          <reporter-output>
          </reporter-output>
        </test-method> <!-- readConfig -->
        <test-method is-config="true" signature="driverSetUP(java.lang.String)[pri:0, instance:TestCases.MainTestCase@7aaca91a]" started-at="2022-10-20T10:39:05Z" name="driverSetUP" finished-at="2022-10-20T10:39:14Z" duration-ms="8849" status="PASS">
          <params>
            <param index="0">
              <value>
                <![CDATA[Chrome]]>
              </value>
            </param>
          </params>
          <reporter-output>
          </reporter-output>
        </test-method> <!-- driverSetUP -->
        <test-method signature="yourAccount(java.lang.String, java.lang.String)[pri:0, instance:TestCases.MainTestCase@7aaca91a]" started-at="2022-10-20T10:39:14Z" name="yourAccount" data-provider="testData" finished-at="2022-10-20T10:39:18Z" duration-ms="4176" status="PASS">
          <params>
            <param index="0">
              <value>
                <![CDATA[akjfak]]>
              </value>
            </param>
            <param index="1">
              <value>
                <![CDATA[kajsdfl]]>
              </value>
            </param>
          </params>
          <reporter-output>
          </reporter-output>
        </test-method> <!-- yourAccount -->
        <test-method is-config="true" signature="driverQuit(org.testng.ITestResult)[pri:0, instance:TestCases.MainTestCase@7aaca91a]" started-at="2022-10-20T10:39:18Z" name="driverQuit" finished-at="2022-10-20T10:39:19Z" duration-ms="307" status="PASS">
          <params>
            <param index="0">
              <value>
                <![CDATA[[TestResult name=yourAccount status=SUCCESS method=MainTestCase.yourAccount(java.lang.String, java.lang.String)[pri:0, instance:TestCases.MainTestCase@7aaca91a] output={null}]]]>
              </value>
            </param>
          </params>
          <reporter-output>
          </reporter-output>
        </test-method> <!-- driverQuit -->
      </class> <!-- TestCases.MainTestCase -->
    </test> <!-- ChromeTest -->
  </suite> <!-- Suite -->
</testng-results>
