<?xml version="1.0" encoding="UTF-8"?>
<!-- Generated by org.testng.reporters.JUnitXMLReporter -->
<testsuite hostname="Admins-MacBook-Pro.local" failures="1" tests="1" name="SafariTest" time="12.238" errors="0" timestamp="19 Oct 2022 04:43:49 GMT">
  <testcase classname="TestCases.MainTestCase" name="yourAccount" time="3.214">
    <failure type="org.openqa.selenium.ElementNotInteractableException" message="
Build info: version: &amp;apos;3.8.1&amp;apos;, revision: &amp;apos;6e95a6684b&amp;apos;, time: &amp;apos;2017-12-01T18:33:54.468Z&amp;apos;
System info: host: &amp;apos;Admins-MacBook-Pro.local&amp;apos;, ip: &amp;apos;2401:4900:560f:280d:8523:a8c6:3233:82eb%en0&amp;apos;, os.name: &amp;apos;Mac OS X&amp;apos;, os.arch: &amp;apos;x86_64&amp;apos;, os.version: &amp;apos;12.4&amp;apos;, java.version: &amp;apos;17.0.2&amp;apos;
Driver info: org.openqa.selenium.safari.SafariDriver
Capabilities {acceptInsecureCerts: false, browserName: Safari, browserVersion: 15.5, javascriptEnabled: true, platform: MAC, platformName: MAC, safari:automaticInspection: false, safari:automaticProfiling: false, safari:diagnose: false, safari:platformBuildVersion: 21F79, safari:platformVersion: 12.4, safari:useSimulator: false, setWindowRect: true, strictFileInteractability: false, webkit:WebRTC: {DisableICECandidateFiltering: false, DisableInsecureMediaCapture: false}}
Session ID: 7BC102C9-F4B6-45D5-8255-7B5818AE74DB">
      <![CDATA[org.openqa.selenium.ElementNotInteractableException: 
Build info: version: '3.8.1', revision: '6e95a6684b', time: '2017-12-01T18:33:54.468Z'
System info: host: 'Admins-MacBook-Pro.local', ip: '2401:4900:560f:280d:8523:a8c6:3233:82eb%en0', os.name: 'Mac OS X', os.arch: 'x86_64', os.version: '12.4', java.version: '17.0.2'
Driver info: org.openqa.selenium.safari.SafariDriver
Capabilities {acceptInsecureCerts: false, browserName: Safari, browserVersion: 15.5, javascriptEnabled: true, platform: MAC, platformName: MAC, safari:automaticInspection: false, safari:automaticProfiling: false, safari:diagnose: false, safari:platformBuildVersion: 21F79, safari:platformVersion: 12.4, safari:useSimulator: false, setWindowRect: true, strictFileInteractability: false, webkit:WebRTC: {DisableICECandidateFiltering: false, DisableInsecureMediaCapture: false}}
Session ID: 7BC102C9-F4B6-45D5-8255-7B5818AE74DB
	at org.openqa.selenium.remote.http.W3CHttpResponseCodec.createException(W3CHttpResponseCodec.java:187)
	at org.openqa.selenium.remote.http.W3CHttpResponseCodec.decode(W3CHttpResponseCodec.java:122)
	at org.openqa.selenium.remote.http.W3CHttpResponseCodec.decode(W3CHttpResponseCodec.java:49)
	at org.openqa.selenium.remote.HttpCommandExecutor.execute(HttpCommandExecutor.java:164)
	at org.openqa.selenium.remote.service.DriverCommandExecutor.execute(DriverCommandExecutor.java:83)
	at org.openqa.selenium.remote.RemoteWebDriver.execute(RemoteWebDriver.java:601)
	at org.openqa.selenium.remote.RemoteWebElement.execute(RemoteWebElement.java:279)
	at org.openqa.selenium.remote.RemoteWebElement.click(RemoteWebElement.java:83)
	at org.openqa.selenium.support.pagefactory.internal.LocatingElementHandler.invoke(LocatingElementHandler.java:51)
	at jdk.proxy2/jdk.proxy2.$Proxy15.click(Unknown Source)
	at POM.AmazonHomePage.yourAccount(AmazonHomePage.java:31)
	at TestCases.MainTestCase.yourAccount(MainTestCase.java:42)
	at java.base/java.util.concurrent.FutureTask.run(FutureTask.java:264)
	at java.base/java.util.concurrent.ThreadPoolExecutor.runWorker(ThreadPoolExecutor.java:1136)
	at java.base/java.util.concurrent.ThreadPoolExecutor$Worker.run(ThreadPoolExecutor.java:635)
	at java.base/java.lang.Thread.run(Thread.java:833)
... Removed 25 stack frames]]>
    </failure>
  </testcase> <!-- yourAccount -->
</testsuite> <!-- SafariTest -->
